<?xml version="1.0" encoding="UTF-8" ?>
<testsuite errors="1" failures="0" hostname="balu-Inspiron-N5050" name="NewEmptyJUnitTest" tests="1" time="0.066" timestamp="2014-01-15T18:00:06">
  <properties>
[...]
</properties>
  <testcase classname="NewEmptyJUnitTest" name="initializationError" time="0.006">
    <error message="No runnable methods" type="java.lang.Exception">java.lang.Exception: No runnable methods
	at java.lang.reflect.Constructor.newInstance(Constructor.java:526)
</error>
  </testcase>
  <system-out><![CDATA[]]></system-out>
  <system-err><![CDATA[]]></system-err>
</testsuite>
